<?xml version="1.0" encoding="UTF-8"?>
<testng-results ignored="0" total="1" passed="1" failed="0" skipped="0">
  <reporter-output>
  </reporter-output>
  <suite started-at="2022-08-05T00:04:19 IST" name="Default suite" finished-at="2022-08-05T00:04:43 IST" duration-ms="24616">
    <groups>
    </groups>
    <test started-at="2022-08-05T00:04:19 IST" name="Default test" finished-at="2022-08-05T00:04:43 IST" duration-ms="24616">
      <class name="testng.GLniksParameterization">
        <test-method is-config="true" signature="beforeTest()[pri:0, instance:testng.GLniksParameterization@2bfc268b]" started-at="2022-08-05T00:04:19 IST" name="beforeTest" finished-at="2022-08-05T00:04:30 IST" duration-ms="10731" status="PASS">
          <reporter-output>
          </reporter-output>
        </test-method> <!-- beforeTest -->
        <test-method signature="CliclLinks()[pri:0, instance:testng.GLniksParameterization@2bfc268b]" started-at="2022-08-05T00:04:30 IST" name="CliclLinks" finished-at="2022-08-05T00:04:43 IST" duration-ms="13691" status="PASS">
          <reporter-output>
          </reporter-output>
        </test-method> <!-- CliclLinks -->
      </class> <!-- testng.GLniksParameterization -->
    </test> <!-- Default test -->
  </suite> <!-- Default suite -->
</testng-results>
